User class User wasn't found
  [1m[36m (3.4ms)[0m  [1mCREATE TABLE "schema_migrations" ("version" varchar(255) NOT NULL) [0m
  [1m[35m (0.5ms)[0m  select sqlite_version(*)
  [1m[36m (4.0ms)[0m  [1mCREATE UNIQUE INDEX "unique_schema_migrations" ON "schema_migrations" ("version")[0m
  [1m[35mActiveRecord::SchemaMigration Load (0.1ms)[0m  SELECT "schema_migrations".* FROM "schema_migrations"
Migrating to CreateStrongboltTables (20150106225152)
  [1m[36m (0.0ms)[0m  [1mbegin transaction[0m
  [1m[35m (0.3ms)[0m  CREATE TABLE "strongbolt_capabilities" ("id" INTEGER PRIMARY KEY AUTOINCREMENT NOT NULL, "name" varchar(255), "description" varchar(255), "model" varchar(255), "action" varchar(255), "attr" varchar(255), "require_ownership" boolean DEFAULT 'f' NOT NULL, "require_tenant_access" boolean DEFAULT 't' NOT NULL, "created_at" datetime, "updated_at" datetime) 
  [1m[36m (0.1ms)[0m  [1mCREATE TABLE "strongbolt_roles" ("id" INTEGER PRIMARY KEY AUTOINCREMENT NOT NULL, "name" varchar(255), "parent_id" integer, "lft" integer, "rgt" integer, "description" varchar(255), "created_at" datetime, "updated_at" datetime) [0m
  [1m[35m (0.1ms)[0m  CREATE TABLE "strongbolt_user_groups" ("id" INTEGER PRIMARY KEY AUTOINCREMENT NOT NULL, "name" varchar(255), "description" text, "created_at" datetime, "updated_at" datetime) 
  [1m[36m (0.1ms)[0m  [1mCREATE TABLE "strongbolt_user_groups_users" ("user_group_id" integer, "user_id" integer) [0m
  [1m[35m (0.1ms)[0m  CREATE TABLE "strongbolt_roles_user_groups" ("user_group_id" integer, "role_id" integer) 
  [1m[36m (0.1ms)[0m  [1mCREATE TABLE "strongbolt_capabilities_roles" ("role_id" integer, "capability_id" integer) [0m
  [1m[35m (0.1ms)[0m  CREATE TABLE "strongbolt_users_tenants" ("user_id" integer, "tenant_id" integer, "tenant_type" varchar(255)) 
  [1m[36mSQL (0.1ms)[0m  [1mINSERT INTO "schema_migrations" ("version") VALUES (?)[0m  [["version", "20150106225152"]]
  [1m[35m (5.3ms)[0m  commit transaction
Migrating to CreateUsers (20150106225413)
  [1m[36m (0.1ms)[0m  [1mbegin transaction[0m
  [1m[35m (0.4ms)[0m  CREATE TABLE "users" ("id" INTEGER PRIMARY KEY AUTOINCREMENT NOT NULL, "email" varchar(255), "created_at" datetime, "updated_at" datetime) 
  [1m[36mSQL (0.1ms)[0m  [1mINSERT INTO "schema_migrations" ("version") VALUES (?)[0m  [["version", "20150106225413"]]
  [1m[35m (4.6ms)[0m  commit transaction
  [1m[36mActiveRecord::SchemaMigration Load (0.1ms)[0m  [1mSELECT "schema_migrations".* FROM "schema_migrations"[0m
  [1m[36m (3.1ms)[0m  [1mCREATE TABLE "strongbolt_capabilities" ("id" INTEGER PRIMARY KEY AUTOINCREMENT NOT NULL, "name" varchar(255), "description" varchar(255), "model" varchar(255), "action" varchar(255), "attr" varchar(255), "require_ownership" boolean DEFAULT 'f' NOT NULL, "require_tenant_access" boolean DEFAULT 't' NOT NULL, "created_at" datetime, "updated_at" datetime) [0m
  [1m[35m (4.0ms)[0m  CREATE TABLE "strongbolt_capabilities_roles" ("role_id" integer, "capability_id" integer) 
  [1m[36m (4.6ms)[0m  [1mCREATE TABLE "strongbolt_roles" ("id" INTEGER PRIMARY KEY AUTOINCREMENT NOT NULL, "name" varchar(255), "parent_id" integer, "lft" integer, "rgt" integer, "description" varchar(255), "created_at" datetime, "updated_at" datetime) [0m
  [1m[35m (4.4ms)[0m  CREATE TABLE "strongbolt_roles_user_groups" ("user_group_id" integer, "role_id" integer) 
  [1m[36m (4.0ms)[0m  [1mCREATE TABLE "strongbolt_user_groups" ("id" INTEGER PRIMARY KEY AUTOINCREMENT NOT NULL, "name" varchar(255), "description" text, "created_at" datetime, "updated_at" datetime) [0m
  [1m[35m (3.6ms)[0m  CREATE TABLE "strongbolt_user_groups_users" ("user_group_id" integer, "user_id" integer) 
  [1m[36m (3.5ms)[0m  [1mCREATE TABLE "strongbolt_users_tenants" ("user_id" integer, "tenant_id" integer, "tenant_type" varchar(255)) [0m
  [1m[35m (3.9ms)[0m  CREATE TABLE "users" ("id" INTEGER PRIMARY KEY AUTOINCREMENT NOT NULL, "email" varchar(255), "created_at" datetime, "updated_at" datetime) 
  [1m[36m (3.7ms)[0m  [1mCREATE TABLE "schema_migrations" ("version" varchar(255) NOT NULL) [0m
  [1m[35m (0.1ms)[0m  select sqlite_version(*)
  [1m[36m (3.8ms)[0m  [1mCREATE UNIQUE INDEX "unique_schema_migrations" ON "schema_migrations" ("version")[0m
  [1m[35m (0.1ms)[0m  SELECT version FROM "schema_migrations"
  [1m[36m (4.6ms)[0m  [1mINSERT INTO "schema_migrations" (version) VALUES ('20150106225413')[0m
  [1m[35m (4.6ms)[0m  INSERT INTO "schema_migrations" (version) VALUES ('20150106225152')
  [1m[36mActiveRecord::SchemaMigration Load (0.1ms)[0m  [1mSELECT "schema_migrations".* FROM "schema_migrations"[0m
  [1m[35mActiveRecord::SchemaMigration Load (0.1ms)[0m  SELECT "schema_migrations".* FROM "schema_migrations"
Migrating to CreateUsers (20150106225413)
  [1m[36m (0.1ms)[0m  [1mbegin transaction[0m
  [1m[35m (0.4ms)[0m  DROP TABLE "users"
  [1m[36mSQL (0.1ms)[0m  [1mDELETE FROM "schema_migrations" WHERE "schema_migrations"."version" = '20150106225413'[0m
  [1m[35m (13.3ms)[0m  commit transaction
  [1m[36mActiveRecord::SchemaMigration Load (0.1ms)[0m  [1mSELECT "schema_migrations".* FROM "schema_migrations"[0m
User class User wasn't found
User class User wasn't found
  [1m[36mActiveRecord::SchemaMigration Load (0.1ms)[0m  [1mSELECT "schema_migrations".* FROM "schema_migrations"[0m
Migrating to CreateDummyUsers (20150106230438)
  [1m[35m (0.0ms)[0m  begin transaction
  [1m[36m (0.4ms)[0m  [1mCREATE TABLE "dummy_users" ("id" INTEGER PRIMARY KEY AUTOINCREMENT NOT NULL, "email" varchar(255), "created_at" datetime, "updated_at" datetime) [0m
  [1m[35mSQL (0.1ms)[0m  INSERT INTO "schema_migrations" ("version") VALUES (?)  [["version", "20150106230438"]]
  [1m[36m (14.3ms)[0m  [1mcommit transaction[0m
  [1m[35mActiveRecord::SchemaMigration Load (0.1ms)[0m  SELECT "schema_migrations".* FROM "schema_migrations"
  [1m[36m (17.3ms)[0m  [1mCREATE TABLE "dummy_users" ("id" INTEGER PRIMARY KEY AUTOINCREMENT NOT NULL, "email" varchar(255), "created_at" datetime, "updated_at" datetime) [0m
  [1m[35m (3.8ms)[0m  CREATE TABLE "strongbolt_capabilities" ("id" INTEGER PRIMARY KEY AUTOINCREMENT NOT NULL, "name" varchar(255), "description" varchar(255), "model" varchar(255), "action" varchar(255), "attr" varchar(255), "require_ownership" boolean DEFAULT 'f' NOT NULL, "require_tenant_access" boolean DEFAULT 't' NOT NULL, "created_at" datetime, "updated_at" datetime) 
  [1m[36m (3.7ms)[0m  [1mCREATE TABLE "strongbolt_capabilities_roles" ("role_id" integer, "capability_id" integer) [0m
  [1m[35m (4.0ms)[0m  CREATE TABLE "strongbolt_roles" ("id" INTEGER PRIMARY KEY AUTOINCREMENT NOT NULL, "name" varchar(255), "parent_id" integer, "lft" integer, "rgt" integer, "description" varchar(255), "created_at" datetime, "updated_at" datetime) 
  [1m[36m (4.4ms)[0m  [1mCREATE TABLE "strongbolt_roles_user_groups" ("user_group_id" integer, "role_id" integer) [0m
  [1m[35m (3.9ms)[0m  CREATE TABLE "strongbolt_user_groups" ("id" INTEGER PRIMARY KEY AUTOINCREMENT NOT NULL, "name" varchar(255), "description" text, "created_at" datetime, "updated_at" datetime) 
  [1m[36m (4.9ms)[0m  [1mCREATE TABLE "strongbolt_user_groups_users" ("user_group_id" integer, "user_id" integer) [0m
  [1m[35m (4.1ms)[0m  CREATE TABLE "strongbolt_users_tenants" ("user_id" integer, "tenant_id" integer, "tenant_type" varchar(255)) 
  [1m[36m (4.2ms)[0m  [1mCREATE TABLE "schema_migrations" ("version" varchar(255) NOT NULL) [0m
  [1m[35m (0.1ms)[0m  select sqlite_version(*)
  [1m[36m (3.6ms)[0m  [1mCREATE UNIQUE INDEX "unique_schema_migrations" ON "schema_migrations" ("version")[0m
  [1m[35m (0.1ms)[0m  SELECT version FROM "schema_migrations"
  [1m[36m (5.6ms)[0m  [1mINSERT INTO "schema_migrations" (version) VALUES ('20150106230438')[0m
  [1m[35m (4.9ms)[0m  INSERT INTO "schema_migrations" (version) VALUES ('20150106225152')
  [1m[36mActiveRecord::SchemaMigration Load (0.1ms)[0m  [1mSELECT "schema_migrations".* FROM "schema_migrations"[0m
  [1m[35mActiveRecord::SchemaMigration Load (0.1ms)[0m  SELECT "schema_migrations".* FROM "schema_migrations"
Migrating to CreateDummyUsers (20150106230438)
  [1m[36m (0.0ms)[0m  [1mbegin transaction[0m
  [1m[35m (0.3ms)[0m  DROP TABLE "dummy_users"
  [1m[36mSQL (0.1ms)[0m  [1mDELETE FROM "schema_migrations" WHERE "schema_migrations"."version" = '20150106230438'[0m
  [1m[35m (14.9ms)[0m  commit transaction
  [1m[36mActiveRecord::SchemaMigration Load (0.1ms)[0m  [1mSELECT "schema_migrations".* FROM "schema_migrations"[0m
User class DummyUser wasn't found
  [1m[36m (18.4ms)[0m  [1mCREATE TABLE "strongbolt_capabilities" ("id" INTEGER PRIMARY KEY AUTOINCREMENT NOT NULL, "name" varchar(255), "description" varchar(255), "model" varchar(255), "action" varchar(255), "attr" varchar(255), "require_ownership" boolean DEFAULT 'f' NOT NULL, "require_tenant_access" boolean DEFAULT 't' NOT NULL, "created_at" datetime, "updated_at" datetime) [0m
  [1m[35m (4.6ms)[0m  CREATE TABLE "strongbolt_capabilities_roles" ("role_id" integer, "capability_id" integer) 
  [1m[36m (4.2ms)[0m  [1mCREATE TABLE "strongbolt_roles" ("id" INTEGER PRIMARY KEY AUTOINCREMENT NOT NULL, "name" varchar(255), "parent_id" integer, "lft" integer, "rgt" integer, "description" varchar(255), "created_at" datetime, "updated_at" datetime) [0m
  [1m[35m (3.3ms)[0m  CREATE TABLE "strongbolt_roles_user_groups" ("user_group_id" integer, "role_id" integer) 
  [1m[36m (4.7ms)[0m  [1mCREATE TABLE "strongbolt_user_groups" ("id" INTEGER PRIMARY KEY AUTOINCREMENT NOT NULL, "name" varchar(255), "description" text, "created_at" datetime, "updated_at" datetime) [0m
  [1m[35m (4.3ms)[0m  CREATE TABLE "strongbolt_user_groups_users" ("user_group_id" integer, "user_id" integer) 
  [1m[36m (3.7ms)[0m  [1mCREATE TABLE "strongbolt_users_tenants" ("user_id" integer, "tenant_id" integer, "tenant_type" varchar(255)) [0m
  [1m[35m (3.7ms)[0m  CREATE TABLE "schema_migrations" ("version" varchar(255) NOT NULL) 
  [1m[36m (0.1ms)[0m  [1mselect sqlite_version(*)[0m
  [1m[35m (3.8ms)[0m  CREATE UNIQUE INDEX "unique_schema_migrations" ON "schema_migrations" ("version")
  [1m[36m (0.1ms)[0m  [1mSELECT version FROM "schema_migrations"[0m
  [1m[35m (4.4ms)[0m  INSERT INTO "schema_migrations" (version) VALUES ('20150106225152')
User class User wasn't found
User class User wasn't found


Started GET "/" for 127.0.0.1 at 2015-01-21 18:37:53 -0500
  [1m[36mActiveRecord::SchemaMigration Load (0.2ms)[0m  [1mSELECT "schema_migrations".* FROM "schema_migrations"[0m
Processing by Rails::WelcomeController#index as HTML
No authorization checking because no current user
  Rendered /Users/thomas/.rvm/gems/ruby-2.1.3@strongbolt/gems/railties-4.1.6/lib/rails/templates/rails/welcome/index.html.erb (4.7ms)
Completed 200 OK in 40ms (Views: 40.0ms | ActiveRecord: 0.0ms)


Started GET "/" for 127.0.0.1 at 2015-01-21 18:37:56 -0500
Processing by Rails::WelcomeController#index as HTML
No authorization checking because no current user
  Rendered /Users/thomas/.rvm/gems/ruby-2.1.3@strongbolt/gems/railties-4.1.6/lib/rails/templates/rails/welcome/index.html.erb (0.1ms)
Completed 200 OK in 2ms (Views: 1.5ms | ActiveRecord: 0.0ms)
User class User wasn't found
User class User wasn't found
User class User wasn't found
User class User wasn't found
User class User wasn't found
User class User wasn't found
  [1m[36mActiveRecord::SchemaMigration Load (0.1ms)[0m  [1mSELECT "schema_migrations".* FROM "schema_migrations"[0m
Migrating to FixStrongboltUsersTenantsId (20150416230440)
  [1m[35m (0.1ms)[0m  begin transaction
  [1m[36m (1.1ms)[0m  [1mCREATE TEMPORARY TABLE "astrongbolt_users_tenants" ("user_id" integer, "tenant_id" integer, "tenant_type" varchar(255)) [0m
  [1m[35m (0.5ms)[0m  SELECT * FROM "strongbolt_users_tenants"
  [1m[36m (0.7ms)[0m  [1mDROP TABLE "strongbolt_users_tenants"[0m
  [1m[35m (0.1ms)[0m  CREATE TABLE "strongbolt_users_tenants" ("user_id" integer, "tenant_id" integer, "tenant_type" varchar(255), "id" INTEGER PRIMARY KEY AUTOINCREMENT NOT NULL) 
  [1m[36m (0.0ms)[0m  [1mSELECT * FROM "astrongbolt_users_tenants"[0m
  [1m[35m (0.3ms)[0m  DROP TABLE "astrongbolt_users_tenants"
  [1m[36mSQL (0.2ms)[0m  [1mINSERT INTO "schema_migrations" ("version") VALUES (?)[0m  [["version", "20150416230440"]]
  [1m[35m (11.5ms)[0m  commit transaction
  [1m[36mActiveRecord::SchemaMigration Load (0.2ms)[0m  [1mSELECT "schema_migrations".* FROM "schema_migrations"[0m
User class User wasn't found
User class User wasn't found
User class User wasn't found
  [1m[36mActiveRecord::SchemaMigration Load (0.4ms)[0m  [1mSELECT "schema_migrations".* FROM "schema_migrations"[0m
  [1m[35mActiveRecord::SchemaMigration Load (0.1ms)[0m  SELECT "schema_migrations".* FROM "schema_migrations"
Migrating to FixStrongboltUsersTenantsId (20150416230440)
  [1m[36m (0.0ms)[0m  [1mbegin transaction[0m
  [1m[35m (1.0ms)[0m  CREATE TEMPORARY TABLE "astrongbolt_users_tenants" ("id" INTEGER PRIMARY KEY AUTOINCREMENT NOT NULL, "user_id" integer, "tenant_id" integer, "tenant_type" varchar(255)) 
  [1m[36m (0.4ms)[0m  [1mSELECT * FROM "strongbolt_users_tenants"[0m
  [1m[35m (0.8ms)[0m  DROP TABLE "strongbolt_users_tenants"
  [1m[36m (0.2ms)[0m  [1mCREATE TABLE "strongbolt_users_tenants" ("user_id" integer, "tenant_id" integer, "tenant_type" varchar(255)) [0m
  [1m[35m (0.0ms)[0m  SELECT * FROM "astrongbolt_users_tenants"
  [1m[36m (0.3ms)[0m  [1mDROP TABLE "astrongbolt_users_tenants"[0m
  [1m[35mSQL (0.1ms)[0m  DELETE FROM "schema_migrations" WHERE "schema_migrations"."version" = '20150416230440'
  [1m[36m (5.8ms)[0m  [1mcommit transaction[0m
  [1m[35mActiveRecord::SchemaMigration Load (0.1ms)[0m  SELECT "schema_migrations".* FROM "schema_migrations"
User class User wasn't found
  [1m[36mActiveRecord::SchemaMigration Load (0.1ms)[0m  [1mSELECT "schema_migrations".* FROM "schema_migrations"[0m
Migrating to FixStrongboltUsersTenantsId (20150416230440)
  [1m[35m (0.0ms)[0m  begin transaction
  [1m[36m (0.9ms)[0m  [1mCREATE TEMPORARY TABLE "astrongbolt_users_tenants" ("user_id" integer, "tenant_id" integer, "tenant_type" varchar(255)) [0m
  [1m[35m (0.1ms)[0m  SELECT * FROM "strongbolt_users_tenants"
  [1m[36m (0.3ms)[0m  [1mDROP TABLE "strongbolt_users_tenants"[0m
  [1m[35m (0.1ms)[0m  CREATE TABLE "strongbolt_users_tenants" ("user_id" integer, "tenant_id" integer, "tenant_type" varchar(255), "id" INTEGER PRIMARY KEY AUTOINCREMENT NOT NULL) 
  [1m[36m (0.0ms)[0m  [1mSELECT * FROM "astrongbolt_users_tenants"[0m
  [1m[35m (0.5ms)[0m  DROP TABLE "astrongbolt_users_tenants"
  [1m[36mSQL (0.2ms)[0m  [1mINSERT INTO "schema_migrations" ("version") VALUES (?)[0m  [["version", "20150416230440"]]
  [1m[35m (14.6ms)[0m  commit transaction
  [1m[36mActiveRecord::SchemaMigration Load (0.1ms)[0m  [1mSELECT "schema_migrations".* FROM "schema_migrations"[0m
User class User wasn't found
User class User wasn't found
  [1m[36mActiveRecord::SchemaMigration Load (0.7ms)[0m  [1mSELECT "schema_migrations".* FROM "schema_migrations"[0m
Migrating to CreateStrongboltTablesIndexes (20150630212115)
  [1m[35m (0.1ms)[0m  begin transaction
  [1m[36m (0.1ms)[0m  [1mselect sqlite_version(*)[0m
  [1m[35m (1.5ms)[0m  CREATE  INDEX "index_strongbolt_roles_on_parent_id" ON "strongbolt_roles" ("parent_id")
  [1m[36m (0.1ms)[0m  [1m            SELECT sql
            FROM sqlite_master
            WHERE name='index_strongbolt_roles_on_parent_id' AND type='index'
            UNION ALL
            SELECT sql
            FROM sqlite_temp_master
            WHERE name='index_strongbolt_roles_on_parent_id' AND type='index'
[0m
  [1m[35m (0.1ms)[0m  CREATE  INDEX "index_strongbolt_roles_on_lft" ON "strongbolt_roles" ("lft")
  [1m[36m (0.1ms)[0m  [1m            SELECT sql
            FROM sqlite_master
            WHERE name='index_strongbolt_roles_on_lft' AND type='index'
            UNION ALL
            SELECT sql
            FROM sqlite_temp_master
            WHERE name='index_strongbolt_roles_on_lft' AND type='index'
[0m
  [1m[35m (0.1ms)[0m              SELECT sql
            FROM sqlite_master
            WHERE name='index_strongbolt_roles_on_parent_id' AND type='index'
            UNION ALL
            SELECT sql
            FROM sqlite_temp_master
            WHERE name='index_strongbolt_roles_on_parent_id' AND type='index'

  [1m[36m (0.2ms)[0m  [1mCREATE  INDEX "index_strongbolt_roles_on_rgt" ON "strongbolt_roles" ("rgt")[0m
  [1m[35m (0.5ms)[0m  CREATE  INDEX "index_strongbolt_user_groups_users_on_user_group_id" ON "strongbolt_user_groups_users" ("user_group_id")
  [1m[36m (0.1ms)[0m  [1m            SELECT sql
            FROM sqlite_master
            WHERE name='index_strongbolt_user_groups_users_on_user_group_id' AND type='index'
            UNION ALL
            SELECT sql
            FROM sqlite_temp_master
            WHERE name='index_strongbolt_user_groups_users_on_user_group_id' AND type='index'
[0m
  [1m[35m (0.2ms)[0m  CREATE  INDEX "index_strongbolt_user_groups_users_on_user_id" ON "strongbolt_user_groups_users" ("user_id")
  [1m[36m (0.5ms)[0m  [1mCREATE  INDEX "index_strongbolt_roles_user_groups_on_user_group_id" ON "strongbolt_roles_user_groups" ("user_group_id")[0m
  [1m[35m (0.1ms)[0m              SELECT sql
            FROM sqlite_master
            WHERE name='index_strongbolt_roles_user_groups_on_user_group_id' AND type='index'
            UNION ALL
            SELECT sql
            FROM sqlite_temp_master
            WHERE name='index_strongbolt_roles_user_groups_on_user_group_id' AND type='index'

  [1m[36m (0.1ms)[0m  [1mCREATE  INDEX "index_strongbolt_roles_user_groups_on_role_id" ON "strongbolt_roles_user_groups" ("role_id")[0m
  [1m[35m (0.2ms)[0m  CREATE  INDEX "index_strongbolt_capabilities_roles_on_role_id" ON "strongbolt_capabilities_roles" ("role_id")
  [1m[36m (0.1ms)[0m  [1m            SELECT sql
            FROM sqlite_master
            WHERE name='index_strongbolt_capabilities_roles_on_role_id' AND type='index'
            UNION ALL
            SELECT sql
            FROM sqlite_temp_master
            WHERE name='index_strongbolt_capabilities_roles_on_role_id' AND type='index'
[0m
  [1m[35m (0.1ms)[0m  CREATE  INDEX "index_strongbolt_capabilities_roles_on_capability_id" ON "strongbolt_capabilities_roles" ("capability_id")
  [1m[36m (0.1ms)[0m  [1mCREATE  INDEX "index_strongbolt_users_tenants_on_user_id" ON "strongbolt_users_tenants" ("user_id")[0m
  [1m[35m (0.1ms)[0m              SELECT sql
            FROM sqlite_master
            WHERE name='index_strongbolt_users_tenants_on_user_id' AND type='index'
            UNION ALL
            SELECT sql
            FROM sqlite_temp_master
            WHERE name='index_strongbolt_users_tenants_on_user_id' AND type='index'

  [1m[36m (0.2ms)[0m  [1mCREATE  INDEX "index_strongbolt_users_tenants_on_tenant_id" ON "strongbolt_users_tenants" ("tenant_id")[0m
  [1m[35m (0.1ms)[0m              SELECT sql
            FROM sqlite_master
            WHERE name='index_strongbolt_users_tenants_on_tenant_id' AND type='index'
            UNION ALL
            SELECT sql
            FROM sqlite_temp_master
            WHERE name='index_strongbolt_users_tenants_on_tenant_id' AND type='index'

  [1m[36m (0.1ms)[0m  [1m            SELECT sql
            FROM sqlite_master
            WHERE name='index_strongbolt_users_tenants_on_user_id' AND type='index'
            UNION ALL
            SELECT sql
            FROM sqlite_temp_master
            WHERE name='index_strongbolt_users_tenants_on_user_id' AND type='index'
[0m
  [1m[35m (0.1ms)[0m  CREATE  INDEX "index_strongbolt_users_tenants_on_type" ON "strongbolt_users_tenants" ("type")
SQLite3::SQLException: table strongbolt_users_tenants has no column named type: CREATE  INDEX "index_strongbolt_users_tenants_on_type" ON "strongbolt_users_tenants" ("type")
  [1m[36m (11.0ms)[0m  [1mrollback transaction[0m
User class User wasn't found
  [1m[36mActiveRecord::SchemaMigration Load (0.2ms)[0m  [1mSELECT "schema_migrations".* FROM "schema_migrations"[0m
  [1m[35mActiveRecord::SchemaMigration Load (0.1ms)[0m  SELECT "schema_migrations".* FROM "schema_migrations"
Migrating to FixStrongboltUsersTenantsId (20150416230440)
  [1m[36m (0.1ms)[0m  [1mbegin transaction[0m
  [1m[35m (1.2ms)[0m  CREATE TEMPORARY TABLE "astrongbolt_users_tenants" ("id" INTEGER PRIMARY KEY AUTOINCREMENT NOT NULL, "user_id" integer, "tenant_id" integer, "tenant_type" varchar(255)) 
  [1m[36m (0.1ms)[0m  [1mSELECT * FROM "strongbolt_users_tenants"[0m
  [1m[35m (0.6ms)[0m  DROP TABLE "strongbolt_users_tenants"
  [1m[36m (0.1ms)[0m  [1mCREATE TABLE "strongbolt_users_tenants" ("user_id" integer, "tenant_id" integer, "tenant_type" varchar(255)) [0m
  [1m[35m (0.0ms)[0m  SELECT * FROM "astrongbolt_users_tenants"
  [1m[36m (0.3ms)[0m  [1mDROP TABLE "astrongbolt_users_tenants"[0m
  [1m[35mSQL (0.1ms)[0m  DELETE FROM "schema_migrations" WHERE "schema_migrations"."version" = '20150416230440'
  [1m[36m (8.1ms)[0m  [1mcommit transaction[0m
Migrating to CreateStrongboltTables (20150106225152)
  [1m[35m (0.1ms)[0m  begin transaction
  [1m[36m (0.3ms)[0m  [1mDROP TABLE "strongbolt_users_tenants"[0m
  [1m[35m (0.3ms)[0m  DROP TABLE "strongbolt_capabilities_roles"
  [1m[36m (0.2ms)[0m  [1mDROP TABLE "strongbolt_roles_user_groups"[0m
  [1m[35m (0.2ms)[0m  DROP TABLE "strongbolt_user_groups_users"
  [1m[36m (0.5ms)[0m  [1mDROP TABLE "strongbolt_user_groups"[0m
  [1m[35m (0.2ms)[0m  DROP TABLE "strongbolt_roles"
  [1m[36m (0.4ms)[0m  [1mDROP TABLE "strongbolt_capabilities"[0m
  [1m[35mSQL (0.1ms)[0m  DELETE FROM "schema_migrations" WHERE "schema_migrations"."version" = '20150106225152'
  [1m[36m (13.7ms)[0m  [1mcommit transaction[0m
  [1m[35mActiveRecord::SchemaMigration Load (0.1ms)[0m  SELECT "schema_migrations".* FROM "schema_migrations"
User class User wasn't found
User class User wasn't found
User class User wasn't found
User class User wasn't found
  [1m[36mActiveRecord::SchemaMigration Load (0.2ms)[0m  [1mSELECT "schema_migrations".* FROM "schema_migrations"[0m
Migrating to CreateStrongboltTables (20150630212236)
  [1m[35m (0.1ms)[0m  begin transaction
  [1m[36m (0.6ms)[0m  [1mCREATE TABLE "strongbolt_capabilities" ("id" INTEGER PRIMARY KEY AUTOINCREMENT NOT NULL, "name" varchar(255), "description" varchar(255), "model" varchar(255), "action" varchar(255), "attr" varchar(255), "require_ownership" boolean DEFAULT 'f' NOT NULL, "require_tenant_access" boolean DEFAULT 't' NOT NULL, "created_at" datetime, "updated_at" datetime) [0m
  [1m[35m (0.2ms)[0m  CREATE TABLE "strongbolt_roles" ("id" INTEGER PRIMARY KEY AUTOINCREMENT NOT NULL, "name" varchar(255), "parent_id" integer, "lft" integer, "rgt" integer, "description" varchar(255), "created_at" datetime, "updated_at" datetime) 
  [1m[36m (0.2ms)[0m  [1mCREATE TABLE "strongbolt_user_groups" ("id" INTEGER PRIMARY KEY AUTOINCREMENT NOT NULL, "name" varchar(255), "description" text, "created_at" datetime, "updated_at" datetime) [0m
  [1m[35m (0.2ms)[0m  CREATE TABLE "strongbolt_user_groups_users" ("user_group_id" integer, "user_id" integer) 
  [1m[36m (0.2ms)[0m  [1mCREATE TABLE "strongbolt_roles_user_groups" ("user_group_id" integer, "role_id" integer) [0m
  [1m[35m (0.2ms)[0m  CREATE TABLE "strongbolt_capabilities_roles" ("role_id" integer, "capability_id" integer) 
  [1m[36m (0.2ms)[0m  [1mCREATE TABLE "strongbolt_users_tenants" ("id" INTEGER PRIMARY KEY AUTOINCREMENT NOT NULL, "user_id" integer, "tenant_id" integer, "type" varchar(255)) [0m
  [1m[35mSQL (0.3ms)[0m  INSERT INTO "schema_migrations" ("version") VALUES (?)  [["version", "20150630212236"]]
  [1m[36m (5.7ms)[0m  [1mcommit transaction[0m
Migrating to CreateStrongboltTablesIndexes (20150630212251)
  [1m[35m (0.0ms)[0m  begin transaction
  [1m[36m (0.1ms)[0m  [1mselect sqlite_version(*)[0m
  [1m[35m (0.2ms)[0m  CREATE  INDEX "index_strongbolt_roles_on_parent_id" ON "strongbolt_roles" ("parent_id")
  [1m[36m (0.1ms)[0m  [1m            SELECT sql
            FROM sqlite_master
            WHERE name='index_strongbolt_roles_on_parent_id' AND type='index'
            UNION ALL
            SELECT sql
            FROM sqlite_temp_master
            WHERE name='index_strongbolt_roles_on_parent_id' AND type='index'
[0m
  [1m[35m (0.1ms)[0m  CREATE  INDEX "index_strongbolt_roles_on_lft" ON "strongbolt_roles" ("lft")
  [1m[36m (0.0ms)[0m  [1m            SELECT sql
            FROM sqlite_master
            WHERE name='index_strongbolt_roles_on_lft' AND type='index'
            UNION ALL
            SELECT sql
            FROM sqlite_temp_master
            WHERE name='index_strongbolt_roles_on_lft' AND type='index'
[0m
  [1m[35m (0.0ms)[0m              SELECT sql
            FROM sqlite_master
            WHERE name='index_strongbolt_roles_on_parent_id' AND type='index'
            UNION ALL
            SELECT sql
            FROM sqlite_temp_master
            WHERE name='index_strongbolt_roles_on_parent_id' AND type='index'

  [1m[36m (0.1ms)[0m  [1mCREATE  INDEX "index_strongbolt_roles_on_rgt" ON "strongbolt_roles" ("rgt")[0m
  [1m[35m (0.1ms)[0m  CREATE  INDEX "index_strongbolt_user_groups_users_on_user_group_id" ON "strongbolt_user_groups_users" ("user_group_id")
  [1m[36m (0.1ms)[0m  [1m            SELECT sql
            FROM sqlite_master
            WHERE name='index_strongbolt_user_groups_users_on_user_group_id' AND type='index'
            UNION ALL
            SELECT sql
            FROM sqlite_temp_master
            WHERE name='index_strongbolt_user_groups_users_on_user_group_id' AND type='index'
[0m
  [1m[35m (0.1ms)[0m  CREATE  INDEX "index_strongbolt_user_groups_users_on_user_id" ON "strongbolt_user_groups_users" ("user_id")
  [1m[36m (0.2ms)[0m  [1mCREATE  INDEX "index_strongbolt_roles_user_groups_on_user_group_id" ON "strongbolt_roles_user_groups" ("user_group_id")[0m
  [1m[35m (0.1ms)[0m              SELECT sql
            FROM sqlite_master
            WHERE name='index_strongbolt_roles_user_groups_on_user_group_id' AND type='index'
            UNION ALL
            SELECT sql
            FROM sqlite_temp_master
            WHERE name='index_strongbolt_roles_user_groups_on_user_group_id' AND type='index'

  [1m[36m (0.1ms)[0m  [1mCREATE  INDEX "index_strongbolt_roles_user_groups_on_role_id" ON "strongbolt_roles_user_groups" ("role_id")[0m
  [1m[35m (0.1ms)[0m  CREATE  INDEX "index_strongbolt_capabilities_roles_on_role_id" ON "strongbolt_capabilities_roles" ("role_id")
  [1m[36m (0.1ms)[0m  [1m            SELECT sql
            FROM sqlite_master
            WHERE name='index_strongbolt_capabilities_roles_on_role_id' AND type='index'
            UNION ALL
            SELECT sql
            FROM sqlite_temp_master
            WHERE name='index_strongbolt_capabilities_roles_on_role_id' AND type='index'
[0m
  [1m[35m (0.1ms)[0m  CREATE  INDEX "index_strongbolt_capabilities_roles_on_capability_id" ON "strongbolt_capabilities_roles" ("capability_id")
  [1m[36m (0.1ms)[0m  [1mCREATE  INDEX "index_strongbolt_users_tenants_on_user_id" ON "strongbolt_users_tenants" ("user_id")[0m
  [1m[35m (0.1ms)[0m              SELECT sql
            FROM sqlite_master
            WHERE name='index_strongbolt_users_tenants_on_user_id' AND type='index'
            UNION ALL
            SELECT sql
            FROM sqlite_temp_master
            WHERE name='index_strongbolt_users_tenants_on_user_id' AND type='index'

  [1m[36m (0.1ms)[0m  [1mCREATE  INDEX "index_strongbolt_users_tenants_on_tenant_id" ON "strongbolt_users_tenants" ("tenant_id")[0m
  [1m[35m (0.0ms)[0m              SELECT sql
            FROM sqlite_master
            WHERE name='index_strongbolt_users_tenants_on_tenant_id' AND type='index'
            UNION ALL
            SELECT sql
            FROM sqlite_temp_master
            WHERE name='index_strongbolt_users_tenants_on_tenant_id' AND type='index'

  [1m[36m (0.1ms)[0m  [1m            SELECT sql
            FROM sqlite_master
            WHERE name='index_strongbolt_users_tenants_on_user_id' AND type='index'
            UNION ALL
            SELECT sql
            FROM sqlite_temp_master
            WHERE name='index_strongbolt_users_tenants_on_user_id' AND type='index'
[0m
  [1m[35m (0.1ms)[0m  CREATE  INDEX "index_strongbolt_users_tenants_on_type" ON "strongbolt_users_tenants" ("type")
  [1m[36m (0.1ms)[0m  [1m            SELECT sql
            FROM sqlite_master
            WHERE name='index_strongbolt_users_tenants_on_type' AND type='index'
            UNION ALL
            SELECT sql
            FROM sqlite_temp_master
            WHERE name='index_strongbolt_users_tenants_on_type' AND type='index'
[0m
  [1m[35m (0.1ms)[0m              SELECT sql
            FROM sqlite_master
            WHERE name='index_strongbolt_users_tenants_on_tenant_id' AND type='index'
            UNION ALL
            SELECT sql
            FROM sqlite_temp_master
            WHERE name='index_strongbolt_users_tenants_on_tenant_id' AND type='index'

  [1m[36m (0.0ms)[0m  [1m            SELECT sql
            FROM sqlite_master
            WHERE name='index_strongbolt_users_tenants_on_user_id' AND type='index'
            UNION ALL
            SELECT sql
            FROM sqlite_temp_master
            WHERE name='index_strongbolt_users_tenants_on_user_id' AND type='index'
[0m
  [1m[35m (0.1ms)[0m  CREATE  INDEX "index_strongbolt_users_tenants_on_tenant_id_and_type" ON "strongbolt_users_tenants" ("tenant_id", "type")
  [1m[36mSQL (0.1ms)[0m  [1mINSERT INTO "schema_migrations" ("version") VALUES (?)[0m  [["version", "20150630212251"]]
  [1m[35m (6.5ms)[0m  commit transaction
  [1m[36mActiveRecord::SchemaMigration Load (0.1ms)[0m  [1mSELECT "schema_migrations".* FROM "schema_migrations"[0m
  [1m[35m (0.2ms)[0m              SELECT sql
            FROM sqlite_master
            WHERE name='index_strongbolt_capabilities_roles_on_capability_id' AND type='index'
            UNION ALL
            SELECT sql
            FROM sqlite_temp_master
            WHERE name='index_strongbolt_capabilities_roles_on_capability_id' AND type='index'

  [1m[36m (0.1ms)[0m  [1m            SELECT sql
            FROM sqlite_master
            WHERE name='index_strongbolt_capabilities_roles_on_role_id' AND type='index'
            UNION ALL
            SELECT sql
            FROM sqlite_temp_master
            WHERE name='index_strongbolt_capabilities_roles_on_role_id' AND type='index'
[0m
  [1m[35m (0.1ms)[0m              SELECT sql
            FROM sqlite_master
            WHERE name='index_strongbolt_roles_on_rgt' AND type='index'
            UNION ALL
            SELECT sql
            FROM sqlite_temp_master
            WHERE name='index_strongbolt_roles_on_rgt' AND type='index'

  [1m[36m (0.1ms)[0m  [1m            SELECT sql
            FROM sqlite_master
            WHERE name='index_strongbolt_roles_on_lft' AND type='index'
            UNION ALL
            SELECT sql
            FROM sqlite_temp_master
            WHERE name='index_strongbolt_roles_on_lft' AND type='index'
[0m
  [1m[35m (0.1ms)[0m              SELECT sql
            FROM sqlite_master
            WHERE name='index_strongbolt_roles_on_parent_id' AND type='index'
            UNION ALL
            SELECT sql
            FROM sqlite_temp_master
            WHERE name='index_strongbolt_roles_on_parent_id' AND type='index'

  [1m[36m (0.1ms)[0m  [1m            SELECT sql
            FROM sqlite_master
            WHERE name='index_strongbolt_roles_user_groups_on_role_id' AND type='index'
            UNION ALL
            SELECT sql
            FROM sqlite_temp_master
            WHERE name='index_strongbolt_roles_user_groups_on_role_id' AND type='index'
[0m
  [1m[35m (0.1ms)[0m              SELECT sql
            FROM sqlite_master
            WHERE name='index_strongbolt_roles_user_groups_on_user_group_id' AND type='index'
            UNION ALL
            SELECT sql
            FROM sqlite_temp_master
            WHERE name='index_strongbolt_roles_user_groups_on_user_group_id' AND type='index'

  [1m[36m (0.1ms)[0m  [1m            SELECT sql
            FROM sqlite_master
            WHERE name='index_strongbolt_user_groups_users_on_user_id' AND type='index'
            UNION ALL
            SELECT sql
            FROM sqlite_temp_master
            WHERE name='index_strongbolt_user_groups_users_on_user_id' AND type='index'
[0m
  [1m[35m (0.1ms)[0m              SELECT sql
            FROM sqlite_master
            WHERE name='index_strongbolt_user_groups_users_on_user_group_id' AND type='index'
            UNION ALL
            SELECT sql
            FROM sqlite_temp_master
            WHERE name='index_strongbolt_user_groups_users_on_user_group_id' AND type='index'

  [1m[36m (0.1ms)[0m  [1m            SELECT sql
            FROM sqlite_master
            WHERE name='index_strongbolt_users_tenants_on_tenant_id_and_type' AND type='index'
            UNION ALL
            SELECT sql
            FROM sqlite_temp_master
            WHERE name='index_strongbolt_users_tenants_on_tenant_id_and_type' AND type='index'
[0m
  [1m[35m (0.1ms)[0m              SELECT sql
            FROM sqlite_master
            WHERE name='index_strongbolt_users_tenants_on_type' AND type='index'
            UNION ALL
            SELECT sql
            FROM sqlite_temp_master
            WHERE name='index_strongbolt_users_tenants_on_type' AND type='index'

  [1m[36m (0.1ms)[0m  [1m            SELECT sql
            FROM sqlite_master
            WHERE name='index_strongbolt_users_tenants_on_tenant_id' AND type='index'
            UNION ALL
            SELECT sql
            FROM sqlite_temp_master
            WHERE name='index_strongbolt_users_tenants_on_tenant_id' AND type='index'
[0m
  [1m[35m (0.1ms)[0m              SELECT sql
            FROM sqlite_master
            WHERE name='index_strongbolt_users_tenants_on_user_id' AND type='index'
            UNION ALL
            SELECT sql
            FROM sqlite_temp_master
            WHERE name='index_strongbolt_users_tenants_on_user_id' AND type='index'

User class User wasn't found
User class User wasn't found
  [1m[36mActiveRecord::SchemaMigration Load (0.2ms)[0m  [1mSELECT "schema_migrations".* FROM "schema_migrations"[0m
  [1m[35mActiveRecord::SchemaMigration Load (0.1ms)[0m  SELECT "schema_migrations".* FROM "schema_migrations"
Migrating to CreateStrongboltTablesIndexes (20150630212251)
  [1m[36m (0.0ms)[0m  [1mbegin transaction[0m
  [1m[35m (0.1ms)[0m              SELECT sql
            FROM sqlite_master
            WHERE name='index_strongbolt_users_tenants_on_tenant_id_and_type' AND type='index'
            UNION ALL
            SELECT sql
            FROM sqlite_temp_master
            WHERE name='index_strongbolt_users_tenants_on_tenant_id_and_type' AND type='index'

  [1m[36m (0.1ms)[0m  [1m            SELECT sql
            FROM sqlite_master
            WHERE name='index_strongbolt_users_tenants_on_type' AND type='index'
            UNION ALL
            SELECT sql
            FROM sqlite_temp_master
            WHERE name='index_strongbolt_users_tenants_on_type' AND type='index'
[0m
  [1m[35m (0.0ms)[0m              SELECT sql
            FROM sqlite_master
            WHERE name='index_strongbolt_users_tenants_on_tenant_id' AND type='index'
            UNION ALL
            SELECT sql
            FROM sqlite_temp_master
            WHERE name='index_strongbolt_users_tenants_on_tenant_id' AND type='index'

  [1m[36m (0.0ms)[0m  [1m            SELECT sql
            FROM sqlite_master
            WHERE name='index_strongbolt_users_tenants_on_user_id' AND type='index'
            UNION ALL
            SELECT sql
            FROM sqlite_temp_master
            WHERE name='index_strongbolt_users_tenants_on_user_id' AND type='index'
[0m
  [1m[35m (0.3ms)[0m  DROP INDEX "index_strongbolt_users_tenants_on_tenant_id_and_type"
  [1m[36m (0.0ms)[0m  [1m            SELECT sql
            FROM sqlite_master
            WHERE name='index_strongbolt_users_tenants_on_type' AND type='index'
            UNION ALL
            SELECT sql
            FROM sqlite_temp_master
            WHERE name='index_strongbolt_users_tenants_on_type' AND type='index'
[0m
  [1m[35m (0.0ms)[0m              SELECT sql
            FROM sqlite_master
            WHERE name='index_strongbolt_users_tenants_on_tenant_id' AND type='index'
            UNION ALL
            SELECT sql
            FROM sqlite_temp_master
            WHERE name='index_strongbolt_users_tenants_on_tenant_id' AND type='index'

  [1m[36m (0.0ms)[0m  [1m            SELECT sql
            FROM sqlite_master
            WHERE name='index_strongbolt_users_tenants_on_user_id' AND type='index'
            UNION ALL
            SELECT sql
            FROM sqlite_temp_master
            WHERE name='index_strongbolt_users_tenants_on_user_id' AND type='index'
[0m
  [1m[35m (1.0ms)[0m  DROP INDEX "index_strongbolt_users_tenants_on_type"
  [1m[36m (0.1ms)[0m  [1m            SELECT sql
            FROM sqlite_master
            WHERE name='index_strongbolt_users_tenants_on_tenant_id' AND type='index'
            UNION ALL
            SELECT sql
            FROM sqlite_temp_master
            WHERE name='index_strongbolt_users_tenants_on_tenant_id' AND type='index'
[0m
  [1m[35m (0.1ms)[0m              SELECT sql
            FROM sqlite_master
            WHERE name='index_strongbolt_users_tenants_on_user_id' AND type='index'
            UNION ALL
            SELECT sql
            FROM sqlite_temp_master
            WHERE name='index_strongbolt_users_tenants_on_user_id' AND type='index'

  [1m[36m (0.1ms)[0m  [1mDROP INDEX "index_strongbolt_users_tenants_on_tenant_id"[0m
  [1m[35m (0.1ms)[0m              SELECT sql
            FROM sqlite_master
            WHERE name='index_strongbolt_users_tenants_on_user_id' AND type='index'
            UNION ALL
            SELECT sql
            FROM sqlite_temp_master
            WHERE name='index_strongbolt_users_tenants_on_user_id' AND type='index'

  [1m[36m (0.1ms)[0m  [1mDROP INDEX "index_strongbolt_users_tenants_on_user_id"[0m
  [1m[35m (0.1ms)[0m              SELECT sql
            FROM sqlite_master
            WHERE name='index_strongbolt_capabilities_roles_on_capability_id' AND type='index'
            UNION ALL
            SELECT sql
            FROM sqlite_temp_master
            WHERE name='index_strongbolt_capabilities_roles_on_capability_id' AND type='index'

  [1m[36m (0.1ms)[0m  [1m            SELECT sql
            FROM sqlite_master
            WHERE name='index_strongbolt_capabilities_roles_on_role_id' AND type='index'
            UNION ALL
            SELECT sql
            FROM sqlite_temp_master
            WHERE name='index_strongbolt_capabilities_roles_on_role_id' AND type='index'
[0m
  [1m[35m (0.1ms)[0m  DROP INDEX "index_strongbolt_capabilities_roles_on_capability_id"
  [1m[36m (0.0ms)[0m  [1m            SELECT sql
            FROM sqlite_master
            WHERE name='index_strongbolt_capabilities_roles_on_role_id' AND type='index'
            UNION ALL
            SELECT sql
            FROM sqlite_temp_master
            WHERE name='index_strongbolt_capabilities_roles_on_role_id' AND type='index'
[0m
  [1m[35m (0.1ms)[0m  DROP INDEX "index_strongbolt_capabilities_roles_on_role_id"
  [1m[36m (0.1ms)[0m  [1m            SELECT sql
            FROM sqlite_master
            WHERE name='index_strongbolt_roles_user_groups_on_role_id' AND type='index'
            UNION ALL
            SELECT sql
            FROM sqlite_temp_master
            WHERE name='index_strongbolt_roles_user_groups_on_role_id' AND type='index'
[0m
  [1m[35m (0.0ms)[0m              SELECT sql
            FROM sqlite_master
            WHERE name='index_strongbolt_roles_user_groups_on_user_group_id' AND type='index'
            UNION ALL
            SELECT sql
            FROM sqlite_temp_master
            WHERE name='index_strongbolt_roles_user_groups_on_user_group_id' AND type='index'

  [1m[36m (0.1ms)[0m  [1mDROP INDEX "index_strongbolt_roles_user_groups_on_role_id"[0m
  [1m[35m (0.0ms)[0m              SELECT sql
            FROM sqlite_master
            WHERE name='index_strongbolt_roles_user_groups_on_user_group_id' AND type='index'
            UNION ALL
            SELECT sql
            FROM sqlite_temp_master
            WHERE name='index_strongbolt_roles_user_groups_on_user_group_id' AND type='index'

  [1m[36m (0.1ms)[0m  [1mDROP INDEX "index_strongbolt_roles_user_groups_on_user_group_id"[0m
  [1m[35m (0.1ms)[0m              SELECT sql
            FROM sqlite_master
            WHERE name='index_strongbolt_user_groups_users_on_user_id' AND type='index'
            UNION ALL
            SELECT sql
            FROM sqlite_temp_master
            WHERE name='index_strongbolt_user_groups_users_on_user_id' AND type='index'

  [1m[36m (0.1ms)[0m  [1m            SELECT sql
            FROM sqlite_master
            WHERE name='index_strongbolt_user_groups_users_on_user_group_id' AND type='index'
            UNION ALL
            SELECT sql
            FROM sqlite_temp_master
            WHERE name='index_strongbolt_user_groups_users_on_user_group_id' AND type='index'
[0m
  [1m[35m (0.1ms)[0m  DROP INDEX "index_strongbolt_user_groups_users_on_user_id"
  [1m[36m (0.1ms)[0m  [1m            SELECT sql
            FROM sqlite_master
            WHERE name='index_strongbolt_user_groups_users_on_user_group_id' AND type='index'
            UNION ALL
            SELECT sql
            FROM sqlite_temp_master
            WHERE name='index_strongbolt_user_groups_users_on_user_group_id' AND type='index'
[0m
  [1m[35m (0.1ms)[0m  DROP INDEX "index_strongbolt_user_groups_users_on_user_group_id"
  [1m[36m (0.0ms)[0m  [1m            SELECT sql
            FROM sqlite_master
            WHERE name='index_strongbolt_roles_on_rgt' AND type='index'
            UNION ALL
            SELECT sql
            FROM sqlite_temp_master
            WHERE name='index_strongbolt_roles_on_rgt' AND type='index'
[0m
  [1m[35m (0.0ms)[0m              SELECT sql
            FROM sqlite_master
            WHERE name='index_strongbolt_roles_on_lft' AND type='index'
            UNION ALL
            SELECT sql
            FROM sqlite_temp_master
            WHERE name='index_strongbolt_roles_on_lft' AND type='index'

  [1m[36m (0.0ms)[0m  [1m            SELECT sql
            FROM sqlite_master
            WHERE name='index_strongbolt_roles_on_parent_id' AND type='index'
            UNION ALL
            SELECT sql
            FROM sqlite_temp_master
            WHERE name='index_strongbolt_roles_on_parent_id' AND type='index'
[0m
  [1m[35m (0.1ms)[0m  DROP INDEX "index_strongbolt_roles_on_rgt"
  [1m[36m (0.1ms)[0m  [1m            SELECT sql
            FROM sqlite_master
            WHERE name='index_strongbolt_roles_on_lft' AND type='index'
            UNION ALL
            SELECT sql
            FROM sqlite_temp_master
            WHERE name='index_strongbolt_roles_on_lft' AND type='index'
[0m
  [1m[35m (0.0ms)[0m              SELECT sql
            FROM sqlite_master
            WHERE name='index_strongbolt_roles_on_parent_id' AND type='index'
            UNION ALL
            SELECT sql
            FROM sqlite_temp_master
            WHERE name='index_strongbolt_roles_on_parent_id' AND type='index'

  [1m[36m (0.1ms)[0m  [1mDROP INDEX "index_strongbolt_roles_on_lft"[0m
  [1m[35m (0.1ms)[0m              SELECT sql
            FROM sqlite_master
            WHERE name='index_strongbolt_roles_on_parent_id' AND type='index'
            UNION ALL
            SELECT sql
            FROM sqlite_temp_master
            WHERE name='index_strongbolt_roles_on_parent_id' AND type='index'

  [1m[36m (0.1ms)[0m  [1mDROP INDEX "index_strongbolt_roles_on_parent_id"[0m
  [1m[35mSQL (0.1ms)[0m  DELETE FROM "schema_migrations" WHERE "schema_migrations"."version" = '20150630212251'
  [1m[36m (14.6ms)[0m  [1mcommit transaction[0m
Migrating to CreateStrongboltTables (20150630212236)
  [1m[35m (0.1ms)[0m  begin transaction
  [1m[36m (0.6ms)[0m  [1mDROP TABLE "strongbolt_users_tenants"[0m
  [1m[35m (0.4ms)[0m  DROP TABLE "strongbolt_capabilities_roles"
  [1m[36m (0.2ms)[0m  [1mDROP TABLE "strongbolt_roles_user_groups"[0m
  [1m[35m (0.2ms)[0m  DROP TABLE "strongbolt_user_groups_users"
  [1m[36m (0.2ms)[0m  [1mDROP TABLE "strongbolt_user_groups"[0m
  [1m[35m (0.1ms)[0m  DROP TABLE "strongbolt_roles"
  [1m[36m (0.1ms)[0m  [1mDROP TABLE "strongbolt_capabilities"[0m
  [1m[35mSQL (0.4ms)[0m  DELETE FROM "schema_migrations" WHERE "schema_migrations"."version" = '20150630212236'
  [1m[36m (4.2ms)[0m  [1mcommit transaction[0m
  [1m[35mActiveRecord::SchemaMigration Load (0.1ms)[0m  SELECT "schema_migrations".* FROM "schema_migrations"
User class User wasn't found
  [1m[36mActiveRecord::SchemaMigration Load (0.2ms)[0m  [1mSELECT "schema_migrations".* FROM "schema_migrations"[0m
Migrating to CreateStrongboltTables (20150630212236)
  [1m[35m (0.1ms)[0m  begin transaction
  [1m[36m (0.4ms)[0m  [1mCREATE TABLE "strongbolt_capabilities" ("id" INTEGER PRIMARY KEY AUTOINCREMENT NOT NULL, "name" varchar(255), "description" varchar(255), "model" varchar(255), "action" varchar(255), "attr" varchar(255), "require_ownership" boolean DEFAULT 'f' NOT NULL, "require_tenant_access" boolean DEFAULT 't' NOT NULL, "created_at" datetime, "updated_at" datetime) [0m
  [1m[35m (0.1ms)[0m  CREATE TABLE "strongbolt_roles" ("id" INTEGER PRIMARY KEY AUTOINCREMENT NOT NULL, "name" varchar(255), "parent_id" integer, "lft" integer, "rgt" integer, "description" varchar(255), "created_at" datetime, "updated_at" datetime) 
  [1m[36m (0.1ms)[0m  [1mCREATE TABLE "strongbolt_user_groups" ("id" INTEGER PRIMARY KEY AUTOINCREMENT NOT NULL, "name" varchar(255), "description" text, "created_at" datetime, "updated_at" datetime) [0m
  [1m[35m (0.1ms)[0m  CREATE TABLE "strongbolt_user_groups_users" ("user_group_id" integer, "user_id" integer) 
  [1m[36m (0.1ms)[0m  [1mCREATE TABLE "strongbolt_roles_user_groups" ("user_group_id" integer, "role_id" integer) [0m
  [1m[35m (0.1ms)[0m  CREATE TABLE "strongbolt_capabilities_roles" ("role_id" integer, "capability_id" integer) 
  [1m[36m (0.1ms)[0m  [1mCREATE TABLE "strongbolt_users_tenants" ("id" INTEGER PRIMARY KEY AUTOINCREMENT NOT NULL, "user_id" integer, "tenant_id" integer, "type" varchar(255)) [0m
  [1m[35mSQL (0.1ms)[0m  INSERT INTO "schema_migrations" ("version") VALUES (?)  [["version", "20150630212236"]]
  [1m[36m (13.3ms)[0m  [1mcommit transaction[0m
Migrating to CreateStrongboltTablesIndexes (20150630212251)
  [1m[35m (0.1ms)[0m  begin transaction
  [1m[36m (0.1ms)[0m  [1mselect sqlite_version(*)[0m
  [1m[35m (0.3ms)[0m  CREATE  INDEX "index_strongbolt_roles_on_parent_id" ON "strongbolt_roles" ("parent_id")
  [1m[36m (0.1ms)[0m  [1m            SELECT sql
            FROM sqlite_master
            WHERE name='index_strongbolt_roles_on_parent_id' AND type='index'
            UNION ALL
            SELECT sql
            FROM sqlite_temp_master
            WHERE name='index_strongbolt_roles_on_parent_id' AND type='index'
[0m
  [1m[35m (0.1ms)[0m  CREATE  INDEX "index_strongbolt_roles_on_lft" ON "strongbolt_roles" ("lft")
  [1m[36m (0.1ms)[0m  [1m            SELECT sql
            FROM sqlite_master
            WHERE name='index_strongbolt_roles_on_lft' AND type='index'
            UNION ALL
            SELECT sql
            FROM sqlite_temp_master
            WHERE name='index_strongbolt_roles_on_lft' AND type='index'
[0m
  [1m[35m (0.1ms)[0m              SELECT sql
            FROM sqlite_master
            WHERE name='index_strongbolt_roles_on_parent_id' AND type='index'
            UNION ALL
            SELECT sql
            FROM sqlite_temp_master
            WHERE name='index_strongbolt_roles_on_parent_id' AND type='index'

  [1m[36m (0.1ms)[0m  [1mCREATE  INDEX "index_strongbolt_roles_on_rgt" ON "strongbolt_roles" ("rgt")[0m
  [1m[35m (0.1ms)[0m  CREATE  INDEX "index_strongbolt_user_groups_users_on_user_group_id" ON "strongbolt_user_groups_users" ("user_group_id")
  [1m[36m (0.1ms)[0m  [1m            SELECT sql
            FROM sqlite_master
            WHERE name='index_strongbolt_user_groups_users_on_user_group_id' AND type='index'
            UNION ALL
            SELECT sql
            FROM sqlite_temp_master
            WHERE name='index_strongbolt_user_groups_users_on_user_group_id' AND type='index'
[0m
  [1m[35m (0.1ms)[0m  CREATE  INDEX "index_strongbolt_user_groups_users_on_user_id" ON "strongbolt_user_groups_users" ("user_id")
  [1m[36m (0.1ms)[0m  [1mCREATE  INDEX "index_strongbolt_roles_user_groups_on_user_group_id" ON "strongbolt_roles_user_groups" ("user_group_id")[0m
  [1m[35m (0.1ms)[0m              SELECT sql
            FROM sqlite_master
            WHERE name='index_strongbolt_roles_user_groups_on_user_group_id' AND type='index'
            UNION ALL
            SELECT sql
            FROM sqlite_temp_master
            WHERE name='index_strongbolt_roles_user_groups_on_user_group_id' AND type='index'

  [1m[36m (0.2ms)[0m  [1mCREATE  INDEX "index_strongbolt_roles_user_groups_on_role_id" ON "strongbolt_roles_user_groups" ("role_id")[0m
  [1m[35m (0.1ms)[0m  CREATE  INDEX "index_strongbolt_capabilities_roles_on_role_id" ON "strongbolt_capabilities_roles" ("role_id")
  [1m[36m (0.1ms)[0m  [1m            SELECT sql
            FROM sqlite_master
            WHERE name='index_strongbolt_capabilities_roles_on_role_id' AND type='index'
            UNION ALL
            SELECT sql
            FROM sqlite_temp_master
            WHERE name='index_strongbolt_capabilities_roles_on_role_id' AND type='index'
[0m
  [1m[35m (0.2ms)[0m  CREATE  INDEX "index_strongbolt_capabilities_roles_on_capability_id" ON "strongbolt_capabilities_roles" ("capability_id")
  [1m[36m (0.2ms)[0m  [1mCREATE  INDEX "index_strongbolt_users_tenants_on_user_id" ON "strongbolt_users_tenants" ("user_id")[0m
  [1m[35m (0.1ms)[0m              SELECT sql
            FROM sqlite_master
            WHERE name='index_strongbolt_users_tenants_on_user_id' AND type='index'
            UNION ALL
            SELECT sql
            FROM sqlite_temp_master
            WHERE name='index_strongbolt_users_tenants_on_user_id' AND type='index'

  [1m[36m (0.2ms)[0m  [1mCREATE  INDEX "index_strongbolt_users_tenants_on_tenant_id" ON "strongbolt_users_tenants" ("tenant_id")[0m
  [1m[35m (0.1ms)[0m              SELECT sql
            FROM sqlite_master
            WHERE name='index_strongbolt_users_tenants_on_tenant_id' AND type='index'
            UNION ALL
            SELECT sql
            FROM sqlite_temp_master
            WHERE name='index_strongbolt_users_tenants_on_tenant_id' AND type='index'

  [1m[36m (0.1ms)[0m  [1m            SELECT sql
            FROM sqlite_master
            WHERE name='index_strongbolt_users_tenants_on_user_id' AND type='index'
            UNION ALL
            SELECT sql
            FROM sqlite_temp_master
            WHERE name='index_strongbolt_users_tenants_on_user_id' AND type='index'
[0m
  [1m[35m (0.1ms)[0m  CREATE  INDEX "index_strongbolt_users_tenants_on_type" ON "strongbolt_users_tenants" ("type")
  [1m[36m (0.1ms)[0m  [1m            SELECT sql
            FROM sqlite_master
            WHERE name='index_strongbolt_users_tenants_on_type' AND type='index'
            UNION ALL
            SELECT sql
            FROM sqlite_temp_master
            WHERE name='index_strongbolt_users_tenants_on_type' AND type='index'
[0m
  [1m[35m (0.2ms)[0m              SELECT sql
            FROM sqlite_master
            WHERE name='index_strongbolt_users_tenants_on_tenant_id' AND type='index'
            UNION ALL
            SELECT sql
            FROM sqlite_temp_master
            WHERE name='index_strongbolt_users_tenants_on_tenant_id' AND type='index'

  [1m[36m (0.2ms)[0m  [1m            SELECT sql
            FROM sqlite_master
            WHERE name='index_strongbolt_users_tenants_on_user_id' AND type='index'
            UNION ALL
            SELECT sql
            FROM sqlite_temp_master
            WHERE name='index_strongbolt_users_tenants_on_user_id' AND type='index'
[0m
  [1m[35m (0.2ms)[0m  CREATE  INDEX "index_strongbolt_users_tenants_on_tenant_id_and_type" ON "strongbolt_users_tenants" ("tenant_id", "type")
  [1m[36mSQL (0.1ms)[0m  [1mINSERT INTO "schema_migrations" ("version") VALUES (?)[0m  [["version", "20150630212251"]]
  [1m[35m (4.3ms)[0m  commit transaction
  [1m[36mActiveRecord::SchemaMigration Load (0.1ms)[0m  [1mSELECT "schema_migrations".* FROM "schema_migrations"[0m
  [1m[35m (0.1ms)[0m              SELECT sql
            FROM sqlite_master
            WHERE name='index_strongbolt_capabilities_roles_on_capability_id' AND type='index'
            UNION ALL
            SELECT sql
            FROM sqlite_temp_master
            WHERE name='index_strongbolt_capabilities_roles_on_capability_id' AND type='index'

  [1m[36m (0.1ms)[0m  [1m            SELECT sql
            FROM sqlite_master
            WHERE name='index_strongbolt_capabilities_roles_on_role_id' AND type='index'
            UNION ALL
            SELECT sql
            FROM sqlite_temp_master
            WHERE name='index_strongbolt_capabilities_roles_on_role_id' AND type='index'
[0m
  [1m[35m (0.1ms)[0m              SELECT sql
            FROM sqlite_master
            WHERE name='index_strongbolt_roles_on_rgt' AND type='index'
            UNION ALL
            SELECT sql
            FROM sqlite_temp_master
            WHERE name='index_strongbolt_roles_on_rgt' AND type='index'

  [1m[36m (0.1ms)[0m  [1m            SELECT sql
            FROM sqlite_master
            WHERE name='index_strongbolt_roles_on_lft' AND type='index'
            UNION ALL
            SELECT sql
            FROM sqlite_temp_master
            WHERE name='index_strongbolt_roles_on_lft' AND type='index'
[0m
  [1m[35m (0.1ms)[0m              SELECT sql
            FROM sqlite_master
            WHERE name='index_strongbolt_roles_on_parent_id' AND type='index'
            UNION ALL
            SELECT sql
            FROM sqlite_temp_master
            WHERE name='index_strongbolt_roles_on_parent_id' AND type='index'

  [1m[36m (0.1ms)[0m  [1m            SELECT sql
            FROM sqlite_master
            WHERE name='index_strongbolt_roles_user_groups_on_role_id' AND type='index'
            UNION ALL
            SELECT sql
            FROM sqlite_temp_master
            WHERE name='index_strongbolt_roles_user_groups_on_role_id' AND type='index'
[0m
  [1m[35m (0.1ms)[0m              SELECT sql
            FROM sqlite_master
            WHERE name='index_strongbolt_roles_user_groups_on_user_group_id' AND type='index'
            UNION ALL
            SELECT sql
            FROM sqlite_temp_master
            WHERE name='index_strongbolt_roles_user_groups_on_user_group_id' AND type='index'

  [1m[36m (0.2ms)[0m  [1m            SELECT sql
            FROM sqlite_master
            WHERE name='index_strongbolt_user_groups_users_on_user_id' AND type='index'
            UNION ALL
            SELECT sql
            FROM sqlite_temp_master
            WHERE name='index_strongbolt_user_groups_users_on_user_id' AND type='index'
[0m
  [1m[35m (0.1ms)[0m              SELECT sql
            FROM sqlite_master
            WHERE name='index_strongbolt_user_groups_users_on_user_group_id' AND type='index'
            UNION ALL
            SELECT sql
            FROM sqlite_temp_master
            WHERE name='index_strongbolt_user_groups_users_on_user_group_id' AND type='index'

  [1m[36m (0.1ms)[0m  [1m            SELECT sql
            FROM sqlite_master
            WHERE name='index_strongbolt_users_tenants_on_tenant_id_and_type' AND type='index'
            UNION ALL
            SELECT sql
            FROM sqlite_temp_master
            WHERE name='index_strongbolt_users_tenants_on_tenant_id_and_type' AND type='index'
[0m
  [1m[35m (0.1ms)[0m              SELECT sql
            FROM sqlite_master
            WHERE name='index_strongbolt_users_tenants_on_type' AND type='index'
            UNION ALL
            SELECT sql
            FROM sqlite_temp_master
            WHERE name='index_strongbolt_users_tenants_on_type' AND type='index'

  [1m[36m (0.1ms)[0m  [1m            SELECT sql
            FROM sqlite_master
            WHERE name='index_strongbolt_users_tenants_on_tenant_id' AND type='index'
            UNION ALL
            SELECT sql
            FROM sqlite_temp_master
            WHERE name='index_strongbolt_users_tenants_on_tenant_id' AND type='index'
[0m
  [1m[35m (0.1ms)[0m              SELECT sql
            FROM sqlite_master
            WHERE name='index_strongbolt_users_tenants_on_user_id' AND type='index'
            UNION ALL
            SELECT sql
            FROM sqlite_temp_master
            WHERE name='index_strongbolt_users_tenants_on_user_id' AND type='index'

  [1m[36m (3.9ms)[0m  [1mCREATE TABLE "strongbolt_capabilities" ("id" INTEGER PRIMARY KEY AUTOINCREMENT NOT NULL, "name" varchar(255), "description" varchar(255), "model" varchar(255), "action" varchar(255), "attr" varchar(255), "require_ownership" boolean DEFAULT 'f' NOT NULL, "require_tenant_access" boolean DEFAULT 't' NOT NULL, "created_at" datetime, "updated_at" datetime) [0m
  [1m[35m (4.0ms)[0m  CREATE TABLE "strongbolt_capabilities_roles" ("role_id" integer, "capability_id" integer) 
  [1m[36m (0.1ms)[0m  [1mselect sqlite_version(*)[0m
  [1m[35m (3.9ms)[0m  CREATE  INDEX "index_strongbolt_capabilities_roles_on_capability_id" ON "strongbolt_capabilities_roles" ("capability_id")
  [1m[36m (0.1ms)[0m  [1m            SELECT sql
            FROM sqlite_master
            WHERE name='index_strongbolt_capabilities_roles_on_capability_id' AND type='index'
            UNION ALL
            SELECT sql
            FROM sqlite_temp_master
            WHERE name='index_strongbolt_capabilities_roles_on_capability_id' AND type='index'
[0m
  [1m[35m (3.9ms)[0m  CREATE  INDEX "index_strongbolt_capabilities_roles_on_role_id" ON "strongbolt_capabilities_roles" ("role_id")
  [1m[36m (4.1ms)[0m  [1mCREATE TABLE "strongbolt_roles" ("id" INTEGER PRIMARY KEY AUTOINCREMENT NOT NULL, "name" varchar(255), "parent_id" integer, "lft" integer, "rgt" integer, "description" varchar(255), "created_at" datetime, "updated_at" datetime) [0m
  [1m[35m (4.7ms)[0m  CREATE  INDEX "index_strongbolt_roles_on_lft" ON "strongbolt_roles" ("lft")
  [1m[36m (0.1ms)[0m  [1m            SELECT sql
            FROM sqlite_master
            WHERE name='index_strongbolt_roles_on_lft' AND type='index'
            UNION ALL
            SELECT sql
            FROM sqlite_temp_master
            WHERE name='index_strongbolt_roles_on_lft' AND type='index'
[0m
  [1m[35m (4.9ms)[0m  CREATE  INDEX "index_strongbolt_roles_on_parent_id" ON "strongbolt_roles" ("parent_id")
  [1m[36m (0.2ms)[0m  [1m            SELECT sql
            FROM sqlite_master
            WHERE name='index_strongbolt_roles_on_parent_id' AND type='index'
            UNION ALL
            SELECT sql
            FROM sqlite_temp_master
            WHERE name='index_strongbolt_roles_on_parent_id' AND type='index'
[0m
  [1m[35m (0.1ms)[0m              SELECT sql
            FROM sqlite_master
            WHERE name='index_strongbolt_roles_on_lft' AND type='index'
            UNION ALL
            SELECT sql
            FROM sqlite_temp_master
            WHERE name='index_strongbolt_roles_on_lft' AND type='index'

  [1m[36m (4.1ms)[0m  [1mCREATE  INDEX "index_strongbolt_roles_on_rgt" ON "strongbolt_roles" ("rgt")[0m
  [1m[35m (3.5ms)[0m  CREATE TABLE "strongbolt_roles_user_groups" ("user_group_id" integer, "role_id" integer) 
  [1m[36m (3.5ms)[0m  [1mCREATE  INDEX "index_strongbolt_roles_user_groups_on_role_id" ON "strongbolt_roles_user_groups" ("role_id")[0m
  [1m[35m (0.1ms)[0m              SELECT sql
            FROM sqlite_master
            WHERE name='index_strongbolt_roles_user_groups_on_role_id' AND type='index'
            UNION ALL
            SELECT sql
            FROM sqlite_temp_master
            WHERE name='index_strongbolt_roles_user_groups_on_role_id' AND type='index'

  [1m[36m (3.8ms)[0m  [1mCREATE  INDEX "index_strongbolt_roles_user_groups_on_user_group_id" ON "strongbolt_roles_user_groups" ("user_group_id")[0m
  [1m[35m (4.3ms)[0m  CREATE TABLE "strongbolt_user_groups" ("id" INTEGER PRIMARY KEY AUTOINCREMENT NOT NULL, "name" varchar(255), "description" text, "created_at" datetime, "updated_at" datetime) 
  [1m[36m (4.1ms)[0m  [1mCREATE TABLE "strongbolt_user_groups_users" ("user_group_id" integer, "user_id" integer) [0m
  [1m[35m (4.4ms)[0m  CREATE  INDEX "index_strongbolt_user_groups_users_on_user_group_id" ON "strongbolt_user_groups_users" ("user_group_id")
  [1m[36m (0.1ms)[0m  [1m            SELECT sql
            FROM sqlite_master
            WHERE name='index_strongbolt_user_groups_users_on_user_group_id' AND type='index'
            UNION ALL
            SELECT sql
            FROM sqlite_temp_master
            WHERE name='index_strongbolt_user_groups_users_on_user_group_id' AND type='index'
[0m
  [1m[35m (4.2ms)[0m  CREATE  INDEX "index_strongbolt_user_groups_users_on_user_id" ON "strongbolt_user_groups_users" ("user_id")
  [1m[36m (4.0ms)[0m  [1mCREATE TABLE "strongbolt_users_tenants" ("id" INTEGER PRIMARY KEY AUTOINCREMENT NOT NULL, "user_id" integer, "tenant_id" integer, "type" varchar(255)) [0m
  [1m[35m (4.1ms)[0m  CREATE  INDEX "index_strongbolt_users_tenants_on_tenant_id_and_type" ON "strongbolt_users_tenants" ("tenant_id", "type")
  [1m[36m (0.2ms)[0m  [1m            SELECT sql
            FROM sqlite_master
            WHERE name='index_strongbolt_users_tenants_on_tenant_id_and_type' AND type='index'
            UNION ALL
            SELECT sql
            FROM sqlite_temp_master
            WHERE name='index_strongbolt_users_tenants_on_tenant_id_and_type' AND type='index'
[0m
  [1m[35m (4.1ms)[0m  CREATE  INDEX "index_strongbolt_users_tenants_on_tenant_id" ON "strongbolt_users_tenants" ("tenant_id")
  [1m[36m (0.1ms)[0m  [1m            SELECT sql
            FROM sqlite_master
            WHERE name='index_strongbolt_users_tenants_on_tenant_id' AND type='index'
            UNION ALL
            SELECT sql
            FROM sqlite_temp_master
            WHERE name='index_strongbolt_users_tenants_on_tenant_id' AND type='index'
[0m
  [1m[35m (0.1ms)[0m              SELECT sql
            FROM sqlite_master
            WHERE name='index_strongbolt_users_tenants_on_tenant_id_and_type' AND type='index'
            UNION ALL
            SELECT sql
            FROM sqlite_temp_master
            WHERE name='index_strongbolt_users_tenants_on_tenant_id_and_type' AND type='index'

  [1m[36m (3.5ms)[0m  [1mCREATE  INDEX "index_strongbolt_users_tenants_on_type" ON "strongbolt_users_tenants" ("type")[0m
  [1m[35m (0.1ms)[0m              SELECT sql
            FROM sqlite_master
            WHERE name='index_strongbolt_users_tenants_on_type' AND type='index'
            UNION ALL
            SELECT sql
            FROM sqlite_temp_master
            WHERE name='index_strongbolt_users_tenants_on_type' AND type='index'

  [1m[36m (0.1ms)[0m  [1m            SELECT sql
            FROM sqlite_master
            WHERE name='index_strongbolt_users_tenants_on_tenant_id' AND type='index'
            UNION ALL
            SELECT sql
            FROM sqlite_temp_master
            WHERE name='index_strongbolt_users_tenants_on_tenant_id' AND type='index'
[0m
  [1m[35m (0.1ms)[0m              SELECT sql
            FROM sqlite_master
            WHERE name='index_strongbolt_users_tenants_on_tenant_id_and_type' AND type='index'
            UNION ALL
            SELECT sql
            FROM sqlite_temp_master
            WHERE name='index_strongbolt_users_tenants_on_tenant_id_and_type' AND type='index'

  [1m[36m (4.1ms)[0m  [1mCREATE  INDEX "index_strongbolt_users_tenants_on_user_id" ON "strongbolt_users_tenants" ("user_id")[0m
  [1m[35m (4.0ms)[0m  CREATE TABLE "schema_migrations" ("version" varchar(255) NOT NULL) 
  [1m[36m (3.6ms)[0m  [1mCREATE UNIQUE INDEX "unique_schema_migrations" ON "schema_migrations" ("version")[0m
  [1m[35m (0.1ms)[0m  SELECT version FROM "schema_migrations"
  [1m[36m (6.1ms)[0m  [1mINSERT INTO "schema_migrations" (version) VALUES ('20150630212251')[0m
  [1m[35m (5.3ms)[0m  INSERT INTO "schema_migrations" (version) VALUES ('20150630212236')
